15:47:26    802 --> ...          [tcl] ucliGUI::start /afs/ece.cmu.edu/usr/gfieni/Private/18500/240lab5/simv -ucligui 
15:47:26    803 --> ...              [tcl] set ucliGUI::state
15:47:26    804 --> ...                  [tcl] gui_update_simulator_buttons
15:47:27    805 --> ...                      [tcl] set ucliGUI::state
15:47:27    806 --> ...                          [tcl] ucliCore::getToolPID
15:47:27    807 --> ...                              [tcl] synopsys::env hasTB
15:47:27    808 --> ...                                  [tcl] trigger_hier_stack_context_switch 0
15:47:27    809 --> ...                                      [tcl] synUtils::setDVEInitPhase 1
15:47:27    810 --> ...                                          [tcl] gui_get_env SIMSETUP::SIMVPD
15:47:27    811 --> ...                                              [tcl] synopsys::dump -type VPD -file /afs/ece.cmu.edu/usr/gfieni/Private/18500/240lab5/inter.vpd -locking
15:47:27    812 --> ...                                                  [tcl] synopsys::dump -autoflush on -fid VPD5
15:47:27    813 --> ...                                                      [tcl] set ::dve_fid VPD5
15:47:27    814 --> ...                                                          [tcl] synUtils::setDVEInitPhase 0
15:47:27    815 --> ...                                                              [tcl] ucliCore::getToolPID
15:47:27    816 --> ...                                                                  [tcl] synUtils::sendTool -active _icl_setToolSocket /tmp/smlnprjVjGX
15:47:27    817 --> ...                                                                      [tcl] synUtils::sendTool -active {_icl_start_rpc -version "K-2015.09_Full64" -sync_file /tmp/vcs_dve_rpc.gfieni.11829}
15:47:27    818 --> ...                                                                          [tcl] synUtils::sendTool -active {_icl_createSharedMemory /tmp/vcs_dve_general.gfieni.11829}
15:47:27    819 --> ...                                                                              [tcl] config endofsim noexit
15:47:27    820 --> ...                                                                                  [tcl] config onfail enable all
15:47:27    821 --> ...                                                                                      [tcl] config syscaddplainmembers
15:47:27    822 --> ...                                                                                          [tcl] config syscaddsourcenames
15:47:27    823 --> ...                                                                                              [tcl] config syscaddstructtypes
15:47:27    824 --> ...                                                                                                  [tcl] synopsys::listing -disable
15:47:27    825 --> ...  [tcl] # Begin_DVE_Session_Save_Info
15:47:27    826 --> ...      [tcl] # DVE restart session
15:47:27    827 --> ...          [tcl] # Saved on Sat Nov 13 15:47:26 2021
15:47:27    828 --> ...              [tcl] # Designs open: 1
15:47:27    829 --> ...                  [tcl] #   Sim: /afs/ece.cmu.edu/usr/gfieni/Private/18500/240lab5/simv
15:47:27    830 --> ...                      [tcl] # Toplevel windows open: 2
15:47:27    831 --> ...                          [tcl] # 	TopLevel.1
15:47:27    832 --> ...                              [tcl] # 	TopLevel.2
15:47:27    833 --> ...                                  [tcl] #   Source.1: Receiver_tb.rec
15:47:27    834 --> ...                                      [tcl] #   Wave.1: 14 signals
15:47:27    835 --> ...                                          [tcl] #   Group count = 3
15:47:27    836 --> ...                                              [tcl] #   Group Group1 signal count = 2
15:47:27    837 --> ...                                                  [tcl] #   Group Group2 signal count = 6
15:47:27    838 --> ...                                                      [tcl] #   Group Group3 signal count = 6
15:47:27    839 --> ...                                                          [tcl] # End_DVE_Session_Save_Info
15:47:27    840 --> ...                                                              [tcl] # DVE version: K-2015.09_Full64
15:47:27    841 --> ...                                                                  [tcl] # DVE build date: Aug 25 2015 21:36:02
15:47:27    842 --> ...                                                                      [tcl] #<Session mode="Restart" path=".restartSimSession.tcl" type="Debug">
15:47:27    843 --> ...                                                                          [tcl] gui_set_loading_session_type Restart
15:47:27    844 --> ...                                                                              [tcl] gui_continuetime_set
15:47:27    845 --> ...                                                                                  [tcl] gui_clear_window -type Wave
15:47:27    846 --> ...                                                                                      [tcl] gui_clear_window -type List
15:47:27    847 --> ...                                                                                          [tcl] # Application preferences
15:47:27    848 --> ...                                                                                              [tcl] gui_set_pref_value -key app_default_font -value {Helvetica,10,-1,5,50,0,0,0,0,0}
15:47:27    849 --> ...                                                                                                  [tcl] gui_src_preferences -tabstop 8 -maxbits 24 -windownumber 1
15:47:27    850 --> ...  [tcl] #<WindowLayout>
15:47:27    851 --> ...      [tcl] # DVE top-level session
15:47:27    852 --> ...          [tcl] # Create and position top-level window: TopLevel.1
15:47:27    853 --> ...              [tcl] set TopLevel.1 TopLevel.1
15:47:27    854 --> ...                  [tcl] # Docked window settings
15:47:27    855 --> ...                      [tcl] set HSPane.1 HSPane.1
15:47:27    856 --> ...                          [tcl] set Hier.1 Hier.1
15:47:27    857 --> ...                              [tcl] set DLPane.1 DLPane.1
15:47:27    858 --> ...                                  [tcl] set Data.1 Data.1
15:47:27    859 --> ...                                      [tcl] set Console.1 Console.1
15:47:27    860 --> ...                                          [tcl] set DriverLoad.1 DriverLoad.1
15:47:27    861 --> ...                                              [tcl] gui_sync_global -id ${TopLevel.1} -option true
15:47:27    862 --> ...                                                  [tcl] # MDI window settings
15:47:27    863 --> ...                                                      [tcl] set Source.1 Source.1
15:47:27    864 --> ...                                                          [tcl] gui_update_layout -id ${Source.1} {{show_state maximized} {dock_state undocked} {dock_on_new_line false}}
15:47:27    865 --> ...                                                              [tcl] # End MDI window settings
15:47:27    866 --> ...                                                                  [tcl] # Create and position top-level window: TopLevel.2
15:47:27    867 --> ...                                                                      [tcl] set TopLevel.2 TopLevel.2
15:47:27    868 --> ...                                                                          [tcl] # Docked window settings
15:47:27    869 --> ...                                                                              [tcl] gui_sync_global -id ${TopLevel.2} -option true
15:47:27    870 --> ...                                                                                  [tcl] # MDI window settings
15:47:27    871 --> ...                                                                                      [tcl] set Wave.1 Wave.1
15:47:27    872 --> ...                                                                                          [tcl] gui_update_layout -id ${Wave.1} {{show_state maximized} {dock_state undocked} {dock_on_new_line false} {child_wave_left 743} {child_wave_right 1811} {child_wave_colname 369} {child_wave_colvalue 370} {child_wave_col1 0} {child_wave_col2 1}}
15:47:27    873 --> ...                                                                                              [tcl] # End MDI window settings
15:47:27    874 --> ...                                                                                                  [tcl] #</WindowLayout>
15:47:27    875 --> ...  [tcl] #<Database>
15:47:27    876 --> ...      [tcl] gui_set_precision 1s
15:47:27    877 --> ...          [tcl] gui_set_time_units 1s
15:47:27    878 --> ...              [tcl] #</Database>
15:47:27    879 --> ...                  [tcl] # DVE Global setting session:
15:47:27    880 --> ...                      [tcl] # Global: Breakpoints
15:47:27    881 --> ...                          [tcl] # Global: Bus
15:47:27    882 --> ...                              [tcl] # Global: Expressions
15:47:27    883 --> ...                                  [tcl] # Global: Signal Time Shift
15:47:27    884 --> ...                                      [tcl] # Global: Signal Compare
15:47:27    885 --> ...                                          [tcl] # Global: Signal Groups
15:47:27    886 --> ...                                              [tcl] gui_load_child_values {Receiver_tb.rec.dec}
15:47:27    887 --> ...                                                  [tcl] synopsys::dump -add {Receiver_tb.rec.dec} -scope "." -depth 1 -fid VPD5
15:47:27    888 --> ...                                                      [tcl] gui_load_child_values {Receiver_tb}
15:47:27    889 --> ...                                                          [tcl] synopsys::dump -add {Receiver_tb} -scope "." -depth 1 -fid VPD5
15:47:27    890 --> ...                                                              [tcl] set _session_group_11 Group1
15:47:27    891 --> ...                                                                  [tcl] gui_sg_create "$_session_group_11"
15:47:27    892 --> ...                                                                      [tcl] set Group1 "$_session_group_11"
15:47:27    893 --> ...                                                                          [tcl] gui_sg_addsignal -group "$_session_group_11" { Receiver_tb.clock Receiver_tb.serial }
15:47:27    894 --> ...                                                                              [tcl] set _session_group_12 Group2
15:47:27    895 --> ...                                                                                  [tcl] gui_sg_create "$_session_group_12"
15:47:27    896 --> ...                                                                                      [tcl] set Group2 "$_session_group_12"
15:47:27    897 --> ...                                                                                          [tcl] gui_sg_addsignal -group "$_session_group_12" { Receiver_tb.rec.messageByte Receiver_tb.rec.isNew Receiver_tb.rec.count Receiver_tb.rec.countErr Receiver_tb.rec.parallelOut Receiver_tb.rec.shiftErr }
15:47:27    898 --> ...                                                                                              [tcl] gui_set_radix -radix {hex} -signals {Sim:Receiver_tb.rec.messageByte}
15:47:27    899 --> ...                                                                                                  [tcl] gui_set_radix -radix {unsigned} -signals {Sim:Receiver_tb.rec.messageByte}
15:47:27    900 --> ...  [tcl] gui_set_radix -radix {decimal} -signals {Sim:Receiver_tb.rec.count}
15:47:27    901 --> ...      [tcl] gui_set_radix -radix {unsigned} -signals {Sim:Receiver_tb.rec.count}
15:47:27    902 --> ...          [tcl] gui_set_radix -radix {binary} -signals {Sim:Receiver_tb.rec.parallelOut}
15:47:27    903 --> ...              [tcl] gui_set_radix -radix {unsigned} -signals {Sim:Receiver_tb.rec.parallelOut}
15:47:27    904 --> ...                  [tcl] set _session_group_13 Group3
15:47:27    905 --> ...                      [tcl] gui_sg_create "$_session_group_13"
15:47:27    906 --> ...                          [tcl] set Group3 "$_session_group_13"
15:47:27    907 --> ...                              [tcl] gui_sg_addsignal -group "$_session_group_13" { Receiver_tb.rec.dec.inCode Receiver_tb.rec.dec.syndrome Receiver_tb.rec.dec.is1BitErr Receiver_tb.rec.dec.is2BitErr Receiver_tb.rec.dec.outCode Receiver_tb.rec.dec.globalP }
15:47:27    908 --> ...                                  [tcl] gui_set_radix -radix {binary} -signals {Sim:Receiver_tb.rec.dec.inCode}
15:47:27    909 --> ...                                      [tcl] gui_set_radix -radix {unsigned} -signals {Sim:Receiver_tb.rec.dec.inCode}
15:47:27    910 --> ...                                          [tcl] gui_set_radix -radix {binary} -signals {Sim:Receiver_tb.rec.dec.outCode}
15:47:27    911 --> ...                                              [tcl] gui_set_radix -radix {unsigned} -signals {Sim:Receiver_tb.rec.dec.outCode}
15:47:27    912 --> ...                                                  [tcl] # Global: Highlighting
15:47:27    913 --> ...                                                      [tcl] gui_highlight_signals -color #00ff00 {{Receiver_tb.rec.decodedOut[3]} {Receiver_tb.rec.decodedOut[12:0]} Receiver_tb.rec.shiftErr {Receiver_tb.rec.decodedOut[12:9]} {Receiver_tb.rec.decodedOut[7:5]}}
15:47:27    914 --> ...                                                          [tcl] dveMisc::vbusExpand Receiver_tb.rec
15:47:27    915 --> ...                                                              [tcl] # Global: Stack
15:47:27    916 --> ...                                                                  [tcl] gui_change_stack_mode -mode list
15:47:27    917 --> ...                                                                      [tcl] # Post database loading setting...
15:47:27    918 --> ...                                                                          [tcl] # Save global setting...
15:47:27    919 --> ...                                                                              [tcl] # Wave/List view global setting
15:47:27    920 --> ...                                                                                  [tcl] gui_cov_show_value -switch false
15:47:27    921 --> ...                                                                                      [tcl] # Close all empty TopLevel windows
15:47:27    922 --> ...                                                                                          [tcl] foreach __top [gui_ekki_get_window_ids -type TopLevel] {     if { [llength [gui_ekki_get_window_ids -parent $__top]] == 0} {         gui_close_window -window $__top     } }
15:47:27    923 --> ...                                                                                              [tcl] gui_set_loading_session_type noSession
15:47:27    924 --> ...                                                                                                  [tcl] # DVE View/pane content session:
15:47:27    925 --> ...  [tcl] # Hier 'Hier.1'
15:47:27    926 --> ...      [tcl] gui_show_window -window ${Hier.1}
15:47:27    927 --> ...          [tcl] gui_list_set_filter -id ${Hier.1} -list { {Package 1} {All 0} {Process 1} {VirtPowSwitch 0} {UnnamedProcess 1} {UDP 0} {Function 1} {Block 1} {SrsnAndSpaCell 0} {OVA Unit 1} {LeafScCell 1} {LeafVlgCell 1} {Interface 1} {LeafVhdCell 1} {$unit 1} {NamedBlock 1} {Task 1} {VlgPackage 1} {ClassDef 1} {VirtIsoCell 0} }
15:47:27    928 --> ...              [tcl] gui_list_set_filter -id ${Hier.1} -text {*}
15:47:27    929 --> ...                  [tcl] gui_change_design -id ${Hier.1} -design Sim
15:47:27    930 --> ...                      [tcl] catch {gui_list_expand -id ${Hier.1} Receiver_tb}
15:47:28    931 --> ...                          [tcl] catch {gui_list_expand -id ${Hier.1} Receiver_tb.rec}
15:47:28    932 --> ...                              [tcl] catch {gui_list_select -id ${Hier.1} {Receiver_tb.rec.dec}}
15:47:28    933 --> ...                                  [tcl] dveMisc::vbusExpand Receiver_tb.rec.dec
15:47:28    934 --> ...                                      [tcl] gui_view_scroll -id ${Hier.1} -vertical -set 0
15:47:28    935 --> ...                                          [tcl] gui_view_scroll -id ${Hier.1} -horizontal -set 0
15:47:28    936 --> ...                                              [tcl] # Data 'Data.1'
15:47:28    937 --> ...                                                  [tcl] gui_list_set_filter -id ${Data.1} -list { {Buffer 1} {Input 1} {Others 1} {Linkage 1} {Output 1} {LowPower 1} {Parameter 1} {All 1} {Aggregate 1} {LibBaseMember 1} {Event 1} {Assertion 1} {Constant 1} {Interface 1} {BaseMembers 1} {Signal 1} {$unit 1} {Inout 1} {Variable 1} }
15:47:28    938 --> ...                                                      [tcl] gui_list_set_filter -id ${Data.1} -text {*}
15:47:28    939 --> ...                                                          [tcl] gui_list_show_data -id ${Data.1} {Receiver_tb.rec.dec}
15:47:28    940 --> ...                                                              [tcl] gui_view_scroll -id ${Data.1} -vertical -set 0
15:47:28    941 --> ...                                                                  [tcl] gui_view_scroll -id ${Data.1} -horizontal -set 0
15:47:28    942 --> ...                                                                      [tcl] gui_view_scroll -id ${Hier.1} -vertical -set 0
15:47:28    943 --> ...                                                                          [tcl] gui_view_scroll -id ${Hier.1} -horizontal -set 0
15:47:28    944 --> ...                                                                              [tcl] # Source 'Source.1'
15:47:28    945 --> ...                                                                                  [tcl] gui_src_value_annotate -id ${Source.1} -switch false
15:47:28    946 --> ...                                                                                      [tcl] gui_set_env TOGGLE::VALUEANNOTATE 0
15:47:28    947 --> ...                                                                                          [tcl] gui_open_source -id ${Source.1}  -replace -active Receiver_tb.rec /afs/ece.cmu.edu/usr/gfieni/Private/18500/240lab5/Receiver.sv
15:47:28    948 --> ...                                                                                              [tcl] gui_view_scroll -id ${Source.1} -vertical -set 45
15:47:28    949 --> ...                                                                                                  [tcl] gui_src_set_reusable -id ${Source.1}
15:47:28    950 --> ...  [tcl] # View 'Wave.1'
15:47:28    951 --> ...      [tcl] gui_wv_sync -id ${Wave.1} -switch true
15:47:28    952 --> ...          [tcl] set groupExD [gui_get_pref_value -category Wave -key exclusiveSG]
15:47:28    953 --> ...              [tcl] gui_set_pref_value -category Wave -key exclusiveSG -value {false}
15:47:28    954 --> ...                  [tcl] set origWaveHeight [gui_get_pref_value -category Wave -key waveRowHeight]
15:47:28    955 --> ...                      [tcl] gui_list_set_height -id Wave -height 25
15:47:28    956 --> ...                          [tcl] set origGroupCreationState [gui_list_create_group_when_add -wave]
15:47:28    957 --> ...                              [tcl] gui_list_create_group_when_add -wave -disable
15:47:28    958 --> ...                                  [tcl] gui_wv_zoom_timerange -id ${Wave.1} 146 258
15:47:28    959 --> ...                                      [tcl] gui_list_add_group -id ${Wave.1} -after {New Group} {Group1}
15:47:28    960 --> ...                                          [tcl] gui_list_add_group -id ${Wave.1} -after {New Group} {Group2}
15:47:28    961 --> ...                                              [tcl] synopsys::dump -add {Receiver_tb.rec.count Receiver_tb.rec.countErr Receiver_tb.rec.isNew Receiver_tb.rec.messageByte Receiver_tb.rec.parallelOut Receiver_tb.rec.shiftErr } -aggregates  -fid VPD5
15:47:28    962 --> ...                                                  [tcl] gui_list_add_group -id ${Wave.1} -after {New Group} {Group3}
15:47:28    963 --> ...                                                      [tcl] gui_list_select -id ${Wave.1} {Receiver_tb.rec.messageByte }
15:47:28    964 --> ...                                                          [tcl] gui_seek_criteria -id ${Wave.1} {Rising}
15:47:28    965 --> ...                                                              [tcl] gui_set_env TOGGLE::DEFAULT_WAVE_WINDOW ${Wave.1}
15:47:28    966 --> ...                                                                  [tcl] gui_set_pref_value -category Wave -key exclusiveSG -value $groupExD
15:47:28    967 --> ...                                                                      [tcl] gui_list_set_height -id Wave -height $origWaveHeight
15:47:28    968 --> ...                                                                          [tcl] if {$origGroupCreationState} { 	gui_list_create_group_when_add -wave -enable }
15:47:28    969 --> ...                                                                              [tcl] if { $groupExD } {  gui_msg_report -code DVWW028 }
15:47:28    970 --> ...                                                                                  [tcl] gui_list_set_filter -id ${Wave.1} -list { {Buffer 1} {Input 1} {Others 1} {Linkage 1} {Output 1} {Parameter 1} {All 1} {Aggregate 1} {LibBaseMember 1} {Event 1} {Assertion 1} {Constant 1} {Interface 1} {BaseMembers 1} {Signal 1} {$unit 1} {Inout 1} {Variable 1} }
15:47:28    971 --> ...                                                                                      [tcl] gui_list_set_filter -id ${Wave.1} -text {*}
15:47:28    972 --> ...                                                                                          [tcl] gui_list_set_insertion_bar  -id ${Wave.1} -group Group2  -item Receiver_tb.rec.isNew -position below
15:47:28    973 --> ...                                                                                              [tcl] gui_view_scroll -id ${Wave.1} -vertical -set 0
15:47:28    974 --> ...                                                                                                  [tcl] gui_show_grid -id ${Wave.1} -enable false
15:47:28    975 --> ...  [tcl] # DriverLoad 'DriverLoad.1'
15:47:28    976 --> ...      [tcl] gui_get_drivers -session -id ${DriverLoad.1} -signal {Receiver_tb.rec.dec.outCode[12:0]} -time 173 -starttime 173
15:47:28    977 --> ...          [tcl] gui_get_drivers -session -id ${DriverLoad.1} -signal {Receiver_tb.rec.dec.inCode[12:0]} -time 173 -starttime 173
15:47:28    978 --> ...              [tcl] gui_get_drivers -session -id ${DriverLoad.1} -signal {Receiver_tb.rec.messageByte[7:0]} -time 45 -starttime 45
15:47:28    979 --> ...                  [tcl] gui_get_drivers -session -id ${DriverLoad.1} -signal {Receiver_tb.rec.messageByte[7:0]} -time 267 -starttime 267
15:47:28    980 --> ...                      [tcl] gui_get_drivers -session -id ${DriverLoad.1} -signal {Receiver_tb.rec.messageByte[7:0]} -time 367 -starttime 367
15:47:28    981 --> ...                          [tcl] # Restore toplevel window zorder
15:47:28    982 --> ...                              [tcl] # The toplevel window could be closed if it has no view/pane
15:47:28    983 --> ...                                  [tcl] if {[gui_exist_window -window ${TopLevel.1}]} { 	gui_set_active_window -window ${TopLevel.1} 	gui_set_active_window -window ${Source.1} 	gui_set_active_window -window ${DriverLoad.1} }
15:47:28    984 --> ...                                      [tcl] if {[gui_exist_window -window ${TopLevel.2}]} { 	gui_set_active_window -window ${TopLevel.2} 	gui_set_active_window -window ${Wave.1} }
15:47:28    985 --> ...                                          [tcl] #</Session>
15:47:28    986 --> ...                                              [tcl] synopsys::run
15:47:28    987 --> ...                                                  [tcl] set ucliGUI::state
15:47:28    988 --> ...                                                      [tcl] set ucliGUI::state
15:47:28    989 --> ...                                                          [tcl] set ucliGUI::state
15:47:28    990 --> ...                                                              [tcl] set ucliGUI::state
15:47:28    991 --> ...                                                                  [tcl] catch {senv activeDomain} dveMisc::result 
15:47:28    992 --> ...                                                                      [tcl] set dveMisc::result
15:47:28    993 --> ...                                                                          [tcl] gui_update_simulator_buttons
15:47:43    994 --> ...                                                                              [tcl] ucliGUI::getSignalValues -scope Receiver_tb.rec -radix {hexadecimal } -list {{messageByte[7:0]} }
15:47:44    995 --> ...                                                                                  [tcl] ucliGUI::getSignalValues -scope Receiver_tb.rec.dec -radix {binary } -list {{inCode[12:0]} }
15:47:44    996 --> ...                                                                                      [tcl] ucliGUI::getSignalValues -scope Receiver_tb.rec.dec -radix {binary } -list {{outCode[12:0]} }
15:53:09    997 --> ...                                                                                          [tcl] if [catch {gui_sim_terminate}] {gui_sim_terminate -kill}
15:53:09    998 --> ...                                                                                              [tcl] synopsys::finish
15:53:09    999 --> ...                                                                                                  [tcl] set ucliGUI::state
15:53:09    1000 --> ...  [tcl] set ucliGUI::state
15:53:09    1001 --> ...      [tcl] catch {senv activeDomain} dveMisc::result 
15:53:09    1002 --> ...          [tcl] set dveMisc::result
15:53:09    1003 --> ...              [tcl] gui_update_simulator_buttons
15:53:09    1004 --> ...                  [tcl] catch {senv activeDomain} dveMisc::result 
15:53:09    1005 --> ...                      [tcl] set dveMisc::result
15:53:09    1006 --> ...                          [tcl] ucli_exit
