ucliGUI::start /afs/ece.cmu.edu/usr/alhoffma/Private/18500/capstone/simv -ucligui 
set ucliGUI::state
set ucliGUI::state
ucliCore::getToolPID
synopsys::env hasTB
trigger_hier_stack_context_switch 0
synUtils::setDVEInitPhase 1
synopsys::dump -type VPD -file /afs/ece.cmu.edu/usr/alhoffma/Private/18500/capstone/inter.vpd -locking
synopsys::dump -autoflush on -fid VPD3
set ::dve_fid VPD3
synUtils::setDVEInitPhase 0
ucliCore::getToolPID
synUtils::sendTool -active _icl_setToolSocket /tmp/smlnpAYQPQR
synUtils::sendTool -active {_icl_start_rpc -version "J-2014.12-SP3-1_Full64" -sync_file /tmp/vcs_dve_rpc.alhoffma.27404}
synUtils::sendTool -active {_icl_createSharedMemory /tmp/vcs_dve_general.alhoffma.27404}
config endofsim noexit
config onfail enable all
config syscaddplainmembers
config syscaddsourcenames
config syscaddstructtypes
synopsys::listing -disable
# Begin_DVE_Session_Save_Info
# DVE restart session
# Saved on Wed Nov 17 11:57:55 2021
# Designs open: 1
#   Sim: /afs/ece.cmu.edu/usr/alhoffma/Private/18500/capstone/simv
# Toplevel windows open: 2
# 	TopLevel.1
# 	TopLevel.2
#   Source.1: Receiver_tb.rec.sampleCounter
#   Wave.1: 9 signals
#   Group count = 1
#   Group Group1 signal count = 9
# End_DVE_Session_Save_Info
# DVE version: J-2014.12-SP3-1_Full64
# DVE build date: Aug 27 2015 23:51:53
#<Session mode="Restart" path=".restartSimSession.tcl" type="Debug">
# Application preferences
#<WindowLayout>
# DVE top-level session
# Create and position top-level window: TopLevel.1
set TopLevel.1 TopLevel.1
# Docked window settings
set HSPane.1 HSPane.1
set Hier.1 Hier.1
set DLPane.1 DLPane.1
set Data.1 Data.1
set Console.1 Console.1
set DriverLoad.1 DriverLoad.1
# MDI window settings
set Source.1 Source.1
# End MDI window settings
# Create and position top-level window: TopLevel.2
set TopLevel.2 TopLevel.2
# Docked window settings
# MDI window settings
set Wave.1 Wave.1
# End MDI window settings
#</WindowLayout>
#<Database>
#</Database>
# DVE Global setting session:
# Global: Breakpoints
# Global: Bus
# Global: Expressions
# Global: Signal Time Shift
# Global: Signal Compare
# Global: Signal Groups
set _session_group_3 Group1
set Group1 "$_session_group_3"
# Global: Highlighting
# Global: Stack
# Post database loading setting...
# Save global setting...
# Wave/List view global setting
# Close all empty TopLevel windows
foreach __top [gui_ekki_get_window_ids -type TopLevel] {     if { [llength [gui_ekki_get_window_ids -parent $__top]] == 0} {         gui_close_window -window $__top     } }
# DVE View/pane content session:
# Hier 'Hier.1'
catch {gui_list_expand -id ${Hier.1} Receiver_tb}
catch {gui_list_select -id ${Hier.1} {Receiver_tb.rec}}
# Data 'Data.1'
catch { gui_list_select -id ${Data.1} {Receiver_tb.rec.tempSync Receiver_tb.rec.clock Receiver_tb.rec.reset Receiver_tb.rec.edgeDetected Receiver_tb.rec.isNew Receiver_tb.rec.serialSync Receiver_tb.rec.clear Receiver_tb.rec.count Receiver_tb.rec.message Receiver_tb.rec.isValid Receiver_tb.rec.serialIn }}
# Source 'Source.1'
# View 'Wave.1'
set groupExD [gui_get_pref_value -category Wave -key exclusiveSG]
set origWaveHeight [gui_get_pref_value -category Wave -key waveRowHeight]
set origGroupCreationState [gui_list_create_group_when_add -wave]
synopsys::dump -add {Receiver_tb.rec.clear Receiver_tb.rec.clock Receiver_tb.rec.count Receiver_tb.rec.edgeDetected Receiver_tb.rec.isNew Receiver_tb.rec.isValid Receiver_tb.rec.message Receiver_tb.rec.reset Receiver_tb.rec.serialSync } -aggregates  -fid VPD3
if {$origGroupCreationState} { 	gui_list_create_group_when_add -wave -enable }
if { $groupExD } {  gui_msg_report -code DVWW028 }
# DriverLoad 'DriverLoad.1'
# Restore toplevel window zorder
# The toplevel window could be closed if it has no view/pane
if {[gui_exist_window -window ${TopLevel.1}]} { 	gui_set_active_window -window ${TopLevel.1} 	gui_set_active_window -window ${Source.1} 	gui_set_active_window -window ${DriverLoad.1} }
if {[gui_exist_window -window ${TopLevel.2}]} { 	gui_set_active_window -window ${TopLevel.2} 	gui_set_active_window -window ${Wave.1} }
#</Session>
synopsys::run
set ucliGUI::state
set ucliGUI::state
set ucliGUI::state
set ucliGUI::state
if [catch {gui_sim_terminate}] {gui_sim_terminate -kill}
synopsys::finish
set ucliGUI::state
set ucliGUI::state
ucli_exit
