# Preference setting overrides
gui_create_pref_key -category {Globals} -key {load_detail_for_funcov} -value_type {bool} -value {false}

# State setting overrides
gui_state_default_create -off -ini
gui_set_state_value -category Globals -key recent_databases -value {{gui_open_db -file /afs/ece.cmu.edu/usr/alhoffma/Private/18341/project/p3-noc-alhoffma/test.vcd -design V2} {gui_open_db -file /afs/ece.cmu.edu/usr/alhoffma/Private/18341/project/p2-matrix-multiply-alhoffma/inter.vpd -design V2} {gui_open_db -file /afs/ece.cmu.edu/usr/alhoffma/Private/18341/project/p2-matrix-multiply-alhoffma/test.vcd -design V1}}
gui_set_state_value -category Globals -key recent_sessions -value {{gui_load_session -ignore_errors -file /afs/ece.cmu.edu/usr/alhoffma/Private/240/hw/hw8/DVEfiles//crash_11.07-09.11/dve_session11.07-09.11.tcl} {gui_load_session -ignore_errors -file /afs/ece.cmu.edu/usr/alhoffma/Private/18341/project/session.inter.vpd.tcl} {gui_load_session -ignore_errors -file /afs/ece.cmu.edu/usr/alhoffma/Private/18341/project/p3-noc-alhoffma/session.inter.vpd.tcl}}
gui_set_state_value -category Layout -key child_console_size_x -value 1524
gui_set_state_value -category Layout -key child_console_size_y -value 311
gui_set_state_value -category Layout -key child_data_size_x -value 231
gui_set_state_value -category Layout -key child_data_size_y -value 379
gui_set_state_value -category Layout -key child_hier_col3 -value {-1}
gui_set_state_value -category Layout -key child_hier_colhier -value 171
gui_set_state_value -category Layout -key child_hier_colpd -value 0
gui_set_state_value -category Layout -key child_hier_size_x -value 269
gui_set_state_value -category Layout -key child_hier_size_y -value 379
gui_set_state_value -category Layout -key child_schematic_pos_x -value {-2}
gui_set_state_value -category Layout -key child_schematic_pos_y -value {-15}
gui_set_state_value -category Layout -key child_schematic_size_x -value 1019
gui_set_state_value -category Layout -key child_schematic_size_y -value 524
gui_set_state_value -category Layout -key child_source_docknewline -value false
gui_set_state_value -category Layout -key child_source_pos_x -value {-2}
gui_set_state_value -category Layout -key child_source_pos_y -value {-15}
gui_set_state_value -category Layout -key child_source_size_x -value 1027
gui_set_state_value -category Layout -key child_source_size_y -value 374
gui_set_state_value -category Layout -key child_wave_colname -value 141
gui_set_state_value -category Layout -key child_wave_colvalue -value 76
gui_set_state_value -category Layout -key child_wave_docknewline -value false
gui_set_state_value -category Layout -key child_wave_left -value 221
gui_set_state_value -category Layout -key child_wave_pos_x -value {-2}
gui_set_state_value -category Layout -key child_wave_pos_y -value {-15}
gui_set_state_value -category Layout -key child_wave_right -value 539
gui_set_state_value -category Layout -key child_wave_size_x -value 859
gui_set_state_value -category Layout -key child_wave_size_y -value 679
gui_set_state_value -category Layout -key main_pos_x -value 8
gui_set_state_value -category Layout -key main_pos_y -value 61
gui_set_state_value -category Layout -key main_size_x -value 1532
gui_set_state_value -category Layout -key main_size_y -value 850
gui_set_state_value -category Layout -key stand_wave_child_docknewline -value false
gui_set_state_value -category Layout -key stand_wave_child_pos_x -value {-2}
gui_set_state_value -category Layout -key stand_wave_child_pos_y -value {-15}
gui_set_state_value -category Layout -key stand_wave_child_size_x -value 770
gui_set_state_value -category Layout -key stand_wave_child_size_y -value 631
gui_set_state_value -category Layout -key stand_wave_top_pos_x -value 769
gui_set_state_value -category Layout -key stand_wave_top_pos_y -value 31
gui_set_state_value -category Layout -key stand_wave_top_size_x -value 1534
gui_set_state_value -category Layout -key stand_wave_top_size_y -value 814
gui_create_state_key -category FindDialog -key m_pMatchCase -value_type bool -value false
gui_create_state_key -category FindDialog -key m_pMatchWord -value_type bool -value false
gui_create_state_key -category FindDialog -key m_pUseCombo -value_type string -value {}
gui_create_state_key -category FindDialog -key m_pWrapAround -value_type bool -value true
gui_create_state_key -category Widget_History -key {dlgSimSetup|m_setupTab|tab pages|BuildTab|m_rebuildBtnGroup|m_customCmdCombo} -value_type string -value {{make sim-gui TEST=447inputs2/jalr.S
} {make full}}
gui_create_state_key -category Widget_History -key {dlgSimSetup|m_setupTab|tab pages|SimTab|m_VPDCombo} -value_type string -value inter.vpd
gui_create_state_key -category Widget_History -key {dlgSimSetup|m_setupTab|tab pages|SimTab|m_argsCombo} -value_type string -value {{-ucligui }}
gui_create_state_key -category Widget_History -key {dlgSimSetup|m_setupTab|tab pages|SimTab|m_curDirCombo} -value_type string -value {/afs/ece.cmu.edu/usr/alhoffma/Private/18447/lab3-2021-a-squared/output/simulation /afs/ece.cmu.edu/usr/alhoffma/Private/18341/project/p3-noc-alhoffma /afs/ece.cmu.edu/usr/alhoffma/Private/240/hw/hw7}
gui_create_state_key -category Widget_History -key {dlgSimSetup|m_setupTab|tab pages|SimTab|m_exeCombo} -value_type string -value {/afs/ece.cmu.edu/usr/alhoffma/Private/18447/lab3-2021-a-squared/output/simulation/riscv_core ./riscv_core /afs/ece.cmu.edu/usr/alhoffma/Private/18341/project/p3-noc-alhoffma/simv ./simv}
gui_state_default_create -off

# Begin command logging
gui_sim_run Ucli -exe ./simv -args {-ucligui  } -dir .
gui_list_expand -id  Hier.1   Receiver_tb
gui_list_select -id Hier.1 -current_item_name Receiver_tb.rec -current_item_type Scope  -selected  { Receiver_tb.rec   }
gui_list_select -id Data.1 -selected  { {Receiver_tb.rec.count[4:0]}   }
gui_list_select -id Data.1 { {Receiver_tb.rec.count[4:0]}  Receiver_tb.rec.clock  Receiver_tb.rec.reset  Receiver_tb.rec.serialIn  Receiver_tb.rec.isNew  {Receiver_tb.rec.message[19:0]}  Receiver_tb.rec.isValid  Receiver_tb.rec.clear  Receiver_tb.rec.serialSync  Receiver_tb.rec.edgeDetected  Receiver_tb.rec.tempSync  {Receiver_tb.rec.count[4:0]}   }
gui_open_window Wave
gui_list_add -id Wave.1 -from Data.1 { Receiver_tb.rec.clock Receiver_tb.rec.reset Receiver_tb.rec.serialIn Receiver_tb.rec.isNew {Receiver_tb.rec.message[19:0]} Receiver_tb.rec.isValid Receiver_tb.rec.clear Receiver_tb.rec.serialSync Receiver_tb.rec.edgeDetected Receiver_tb.rec.tempSync {Receiver_tb.rec.count[4:0]} } -insertionbar
gui_sim_continue  
gui_wv_zoom_timerange -id  Wave.1 9944 10538
gui_zoom -window Wave.1 -full
gui_wv_zoom_timerange -id  Wave.1 0 1691
gui_list_select -id Wave.1 -selected  { Receiver_tb.rec.reset   }
gui_list_select -id Wave.1 -selected  { {Receiver_tb.rec.message[19:0]}   }
gui_list_set_selected_property -id Wave.1 -radix binary
gui_wv_zoom_timerange -id  Wave.1 30 668
gui_marker_move -id  Wave.1 C1 155
gui_list_select -id Wave.1 -selected  { {Receiver_tb.rec.count[4:0]}   }
gui_list_set_selected_property -id Wave.1 -radix decimal
gui_list_select -id Wave.1 -selected  { Receiver_tb.rec.isValid   }
gui_list_select -id Wave.1 -selected  { Receiver_tb.rec.serialIn   }
gui_marker_move -id  Wave.1 C1 150
gui_wv_zoom_timerange -id  Wave.1 77 240
gui_list_select -id Wave.1 -selected  { Receiver_tb.rec.isNew   }
gui_list_select -id Wave.1 -selected  { Receiver_tb.rec.isValid   }
gui_marker_move -id  Wave.1 C1 153
gui_marker_move -id  Wave.1 C1 151
gui_marker_move -id  Wave.1 C1 167
gui_marker_move -id  Wave.1 C1 189
gui_marker_move -id  Wave.1 C1 121
gui_sim_restart
gui_sim_continue  
gui_zoom -window Wave.1 -full
gui_wv_zoom_timerange -id  Wave.1 0 1344
gui_wv_zoom_timerange -id  Wave.1 105 655
gui_wv_zoom_timerange -id  Wave.1 147 361
gui_wv_scroll_hslidermove -id  Wave.1 0
gui_wv_scrollright -id  Wave.1  line
gui_wv_scrollright -id  Wave.1  line
gui_wv_scrollright -id  Wave.1  line
gui_wv_scrollright -id  Wave.1  line
gui_wv_scrollright -id  Wave.1  line
gui_wv_zoom_timerange -id  Wave.1 140 200
gui_marker_move -id  Wave.1 C1 155
gui_list_select -id Wave.1 -selected  { Receiver_tb.rec.clear   }
gui_list_select -id Wave.1 -selected  { Receiver_tb.rec.tempSync   }
gui_list_move  -id  Wave.1    -sid  Wave.1   -after Receiver_tb.rec.serialIn {{Receiver_tb.rec.tempSync}} 
gui_list_select -id Wave.1 -selected  { Receiver_tb.rec.serialSync   }
gui_list_move  -id  Wave.1    -sid  Wave.1   -after Receiver_tb.rec.tempSync {{Receiver_tb.rec.serialSync}} 
gui_list_select -id Wave.1 -selected  { Receiver_tb.rec.serialIn   }
gui_delete_selected -id  Wave.1
gui_list_select -id Wave.1 -selected  { Receiver_tb.rec.tempSync   }
gui_marker_move -id  Wave.1 C1 167
gui_marker_move -id  Wave.1 C1 175
gui_marker_move -id  Wave.1 C1 155
gui_marker_move -id  Wave.1 C1 157
gui_marker_move -id  Wave.1 C1 159
gui_marker_move -id  Wave.1 C1 155
gui_marker_move -id  Wave.1 C1 193
gui_wv_scrollright -id  Wave.1  line
gui_wv_scrollright -id  Wave.1  line
gui_wv_scrollright -id  Wave.1  line
gui_wv_scrollright -id  Wave.1  line
gui_wv_scrollright -id  Wave.1  line
gui_wv_scrollright -id  Wave.1  line
gui_wv_scrollright -id  Wave.1  line
gui_wv_scrollright -id  Wave.1  line
gui_wv_scrollright -id  Wave.1  line
gui_wv_scrollright -id  Wave.1  line
gui_list_select -id Wave.1 -selected  { {Receiver_tb.rec.count[4:0]}   }
gui_list_action -id  Wave.1 {Receiver_tb.rec.count[4:0]}
gui_get_drivers -id Wave.1 -signal {Receiver_tb.rec.count[4:0]}
gui_marker_move -id  Wave.1 C1 220
gui_list_select -id Wave.1 -selected  { Receiver_tb.rec.edgeDetected   }
gui_marker_move -id  Wave.1 C1 173
gui_list_select -id Wave.1 -selected  { Receiver_tb.rec.clear   }
gui_list_select -id Wave.1 -selected  {  }
gui_sim_restart
gui_sim_continue  
gui_zoom -window Wave.1 -full
gui_wv_zoom_timerange -id  Wave.1 56 1691
gui_wv_zoom_timerange -id  Wave.1 124 582
gui_wv_zoom_timerange -id  Wave.1 131 216
gui_marker_move -id  Wave.1 C1 165
gui_list_select -id Wave.1 -selected  { Receiver_tb.rec.serialSync   }
gui_list_select -id Wave.1 -selected  { Receiver_tb.rec.tempSync   }
gui_list_select -id Wave.1 -selected  { Receiver_tb.rec.serialSync   }
gui_list_select -id Wave.1 -selected  { Receiver_tb.rec.tempSync   }
gui_delete_selected -id  Wave.1
gui_list_select -id Wave.1 -selected  { Receiver_tb.rec.serialSync   }
gui_marker_move -id  Wave.1 C1 153
gui_marker_move -id  Wave.1 C1 173
gui_marker_move -id  Wave.1 C1 165
gui_marker_move -id  Wave.1 C1 163
gui_marker_move -id  Wave.1 C1 171
gui_marker_move -id  Wave.1 C1 163
gui_wv_scrollright -id  Wave.1  line
gui_wv_scrollright -id  Wave.1  line
gui_wv_scrollright -id  Wave.1  line
gui_wv_scrollright -id  Wave.1  line
gui_wv_scrollright -id  Wave.1  line
gui_wv_scrollright -id  Wave.1  line
gui_marker_move -id  Wave.1 C1 205
gui_marker_move -id  Wave.1 C1 193
gui_marker_move -id  Wave.1 C1 197
gui_marker_move -id  Wave.1 C1 213
gui_wv_scrollright -id  Wave.1  line
gui_wv_scrollright -id  Wave.1  line
gui_wv_scrollright -id  Wave.1  line
gui_wv_scrollright -id  Wave.1  line
gui_wv_scrollright -id  Wave.1  line
gui_wv_scrollright -id  Wave.1  line
gui_wv_scrollright -id  Wave.1  line
gui_wv_scrollright -id  Wave.1  line
gui_wv_scrollright -id  Wave.1  line
gui_wv_scrollright -id  Wave.1  line
gui_wv_scrollright -id  Wave.1  line
gui_wv_scrollright -id  Wave.1  line
gui_wv_scrollright -id  Wave.1  line
gui_wv_scrollright -id  Wave.1  line
gui_wv_scrollright -id  Wave.1  line
gui_wv_scrollright -id  Wave.1  line
gui_wv_scrollright -id  Wave.1  line
gui_wv_scrollright -id  Wave.1  line
gui_wv_scrollright -id  Wave.1  line
gui_wv_scrollright -id  Wave.1  line
gui_wv_scrollright -id  Wave.1  line
gui_wv_scrollright -id  Wave.1  line
gui_wv_scrollright -id  Wave.1  line
gui_wv_scrollright -id  Wave.1  line
gui_wv_scrollright -id  Wave.1  line
gui_wv_scrollright -id  Wave.1  line
gui_wv_scrollright -id  Wave.1  line
gui_wv_scrollright -id  Wave.1  line
gui_wv_scrollright -id  Wave.1  line
gui_wv_scrollright -id  Wave.1  line
gui_wv_scrollright -id  Wave.1  line
gui_wv_scrollright -id  Wave.1  line
gui_wv_scrollright -id  Wave.1  line
gui_wv_scrollright -id  Wave.1  line
gui_wv_scrollright -id  Wave.1  line
gui_wv_scrollright -id  Wave.1  line
gui_wv_scrollright -id  Wave.1  line
gui_wv_scrollright -id  Wave.1  line
gui_wv_scrollright -id  Wave.1  line
gui_wv_scrollright -id  Wave.1  line
gui_wv_scrollright -id  Wave.1  line
gui_wv_scrollright -id  Wave.1  line
gui_wv_scrollright -id  Wave.1  line
gui_wv_scrollright -id  Wave.1  line
gui_wv_scrollright -id  Wave.1  line
gui_wv_scrollright -id  Wave.1  line
gui_wv_scrollright -id  Wave.1  line
gui_wv_scrollright -id  Wave.1  line
gui_wv_scrollright -id  Wave.1  line
gui_wv_scrollright -id  Wave.1  line
gui_wv_scrollright -id  Wave.1  line
gui_wv_scrollright -id  Wave.1  line
gui_wv_scrollright -id  Wave.1  line
gui_wv_scrollright -id  Wave.1  line
gui_wv_scrollright -id  Wave.1  line
gui_wv_scrollright -id  Wave.1  line
gui_wv_scrollright -id  Wave.1  line
gui_wv_scrollright -id  Wave.1  line
gui_wv_scrollright -id  Wave.1  line
gui_wv_scrollright -id  Wave.1  line
gui_wv_scrollright -id  Wave.1  line
gui_wv_scrollright -id  Wave.1  line
gui_wv_scrollright -id  Wave.1  line
gui_wv_scrollright -id  Wave.1  line
gui_wv_scrollright -id  Wave.1  line
gui_wv_scrollright -id  Wave.1  line
gui_wv_scrollright -id  Wave.1  line
gui_wv_scrollright -id  Wave.1  line
gui_wv_scrollright -id  Wave.1  line
gui_wv_scrollright -id  Wave.1  line
gui_wv_scrollright -id  Wave.1  line
gui_wv_scrollright -id  Wave.1  line
gui_wv_scrollright -id  Wave.1  line
gui_wv_scrollright -id  Wave.1  line
gui_marker_move -id  Wave.1 C1 513
gui_marker_move -id  Wave.1 C1 553
gui_wv_scrollright -id  Wave.1  line
gui_wv_scrollright -id  Wave.1  line
gui_wv_scrollright -id  Wave.1  line
gui_wv_scrollright -id  Wave.1  line
gui_wv_scrollright -id  Wave.1  line
gui_wv_scrollright -id  Wave.1  line
gui_wv_scrollright -id  Wave.1  line
gui_wv_scrollright -id  Wave.1  line
gui_wv_scrollright -id  Wave.1  line
gui_wv_scrollright -id  Wave.1  line
gui_wv_scrollright -id  Wave.1  line
gui_wv_scrollright -id  Wave.1  line
gui_wv_scrollright -id  Wave.1  line
gui_wv_scrollright -id  Wave.1  line
gui_wv_scrollright -id  Wave.1  line
gui_wv_scrollright -id  Wave.1  line
gui_wv_scrollright -id  Wave.1  line
gui_wv_scrollright -id  Wave.1  line
gui_wv_scrollright -id  Wave.1  line
gui_wv_scrollright -id  Wave.1  line
gui_wv_scrollright -id  Wave.1  line
gui_wv_scrollright -id  Wave.1  line
gui_wv_scrollright -id  Wave.1  line
gui_wv_scrollright -id  Wave.1  line
gui_wv_scrollright -id  Wave.1  line
gui_wv_scrollright -id  Wave.1  line
gui_wv_scrollright -id  Wave.1  line
gui_wv_scrollright -id  Wave.1  line
gui_wv_scrollright -id  Wave.1  line
gui_wv_scrollright -id  Wave.1  line
gui_wv_scrollright -id  Wave.1  line
gui_wv_scrollright -id  Wave.1  line
gui_wv_scrollright -id  Wave.1  line
gui_wv_scrollright -id  Wave.1  line
gui_wv_scrollright -id  Wave.1  line
gui_wv_scrollright -id  Wave.1  line
gui_wv_scrollright -id  Wave.1  line
gui_wv_scrollright -id  Wave.1  line
gui_wv_scrollright -id  Wave.1  line
gui_wv_scrollright -id  Wave.1  line
gui_wv_scrollright -id  Wave.1  line
gui_marker_move -id  Wave.1 C1 673
gui_marker_move -id  Wave.1 C1 713
gui_marker_move -id  Wave.1 C1 664
gui_sim_restart
gui_sim_continue  
gui_wv_scrollleft -id  Wave.1  page
gui_wv_scrollleft -id  Wave.1  page
gui_wv_scrollleft -id  Wave.1  page
gui_wv_scrollleft -id  Wave.1  page
gui_wv_scrollleft -id  Wave.1  page
gui_wv_scrollleft -id  Wave.1  page
gui_wv_scrollleft -id  Wave.1  page
gui_wv_scrollleft -id  Wave.1  page
gui_zoom -window Wave.1 -full
gui_wv_zoom_timerange -id  Wave.1 101 851
gui_marker_move -id  Wave.1 C1 108
gui_wv_zoom_timerange -id  Wave.1 141 253
gui_marker_move -id  Wave.1 C1 173
gui_marker_move -id  Wave.1 C1 193
gui_marker_move -id  Wave.1 C1 183
gui_marker_move -id  Wave.1 C1 213
gui_marker_move -id  Wave.1 C1 233
gui_marker_move -id  Wave.1 C1 223
gui_wv_scrollright -id  Wave.1  line
gui_wv_scrollright -id  Wave.1  line
gui_wv_scrollright -id  Wave.1  line
gui_wv_scrollright -id  Wave.1  line
gui_wv_scrollright -id  Wave.1  line
gui_wv_scrollright -id  Wave.1  line
gui_wv_scrollright -id  Wave.1  line
gui_wv_scrollright -id  Wave.1  line
gui_wv_scrollright -id  Wave.1  line
gui_wv_scrollright -id  Wave.1  line
gui_wv_scrollright -id  Wave.1  line
gui_wv_scrollright -id  Wave.1  line
gui_wv_scrollright -id  Wave.1  line
gui_wv_scrollright -id  Wave.1  line
gui_wv_scrollright -id  Wave.1  line
gui_wv_scrollright -id  Wave.1  line
gui_wv_scrollright -id  Wave.1  line
gui_wv_scrollright -id  Wave.1  line
gui_wv_scrollright -id  Wave.1  line
gui_wv_scrollright -id  Wave.1  line
gui_wv_scrollright -id  Wave.1  line
gui_wv_scrollright -id  Wave.1  line
gui_wv_scrollright -id  Wave.1  line
gui_wv_scrollright -id  Wave.1  line
gui_wv_scrollright -id  Wave.1  line
gui_wv_scrollright -id  Wave.1  line
gui_wv_scrollright -id  Wave.1  line
gui_wv_scrollright -id  Wave.1  line
gui_wv_scrollright -id  Wave.1  line
gui_wv_scrollright -id  Wave.1  line
gui_wv_scrollright -id  Wave.1  line
gui_wv_scrollright -id  Wave.1  line
gui_wv_scrollright -id  Wave.1  line
gui_wv_scrollright -id  Wave.1  line
gui_wv_scrollright -id  Wave.1  line
gui_wv_scrollright -id  Wave.1  line
gui_wv_scrollright -id  Wave.1  line
gui_wv_scrollright -id  Wave.1  line
gui_wv_scrollright -id  Wave.1  line
gui_wv_scrollright -id  Wave.1  line
gui_wv_scrollright -id  Wave.1  line
gui_wv_scrollright -id  Wave.1  line
gui_wv_scrollright -id  Wave.1  line
gui_wv_scrollright -id  Wave.1  line
gui_wv_scrollright -id  Wave.1  line
gui_wv_scrollright -id  Wave.1  line
gui_wv_scrollright -id  Wave.1  line
gui_wv_scrollright -id  Wave.1  line
gui_wv_scrollright -id  Wave.1  line
gui_wv_scrollright -id  Wave.1  line
gui_wv_scrollright -id  Wave.1  line
gui_wv_scrollright -id  Wave.1  line
gui_wv_scrollright -id  Wave.1  line
gui_wv_scrollright -id  Wave.1  line
gui_wv_scrollright -id  Wave.1  line
gui_wv_scrollright -id  Wave.1  line
gui_wv_scrollright -id  Wave.1  line
gui_wv_scrollright -id  Wave.1  line
gui_wv_scrollright -id  Wave.1  line
gui_wv_scrollright -id  Wave.1  line
gui_wv_scrollright -id  Wave.1  line
gui_wv_scrollright -id  Wave.1  line
gui_wv_scrollright -id  Wave.1  line
gui_wv_scrollright -id  Wave.1  line
gui_wv_scrollright -id  Wave.1  line
gui_wv_scrollright -id  Wave.1  line
gui_wv_scrollright -id  Wave.1  line
gui_wv_scrollright -id  Wave.1  line
gui_wv_scrollright -id  Wave.1  line
gui_wv_scrollright -id  Wave.1  line
gui_marker_move -id  Wave.1 C1 593
gui_wv_zoom_timerange -id  Wave.1 580 602
gui_zoom -window Wave.1 -factor 0.5
gui_zoom -window Wave.1 -factor 0.5
gui_zoom -window Wave.1 -factor 0.5
gui_zoom -window Wave.1 -factor 0.5
gui_list_select -id Wave.1 -selected  { Receiver_tb.rec.clear   }
gui_list_select -id Wave.1 -selected  { Receiver_tb.rec.isValid   }
gui_wv_scrollleft -id  Wave.1  line
gui_wv_scrollleft -id  Wave.1  line
gui_wv_scrollleft -id  Wave.1  line
gui_wv_zoom_timerange -id  Wave.1 384 430
gui_marker_move -id  Wave.1 C1 397
gui_close_window -window TopLevel.2
