11:57:55    400 --> ...  [tcl] ucliGUI::start /afs/ece.cmu.edu/usr/alhoffma/Private/18500/capstone/simv -ucligui 
11:57:55    401 --> ...      [tcl] set ucliGUI::state
11:57:55    402 --> ...          [tcl] gui_update_simulator_buttons
11:57:56    403 --> ...              [tcl] set ucliGUI::state
11:57:56    404 --> ...                  [tcl] ucliCore::getToolPID
11:57:56    405 --> ...                      [tcl] synopsys::env hasTB
11:57:56    406 --> ...                          [tcl] trigger_hier_stack_context_switch 0
11:57:56    407 --> ...                              [tcl] synUtils::setDVEInitPhase 1
11:57:56    408 --> ...                                  [tcl] gui_get_env SIMSETUP::SIMVPD
11:57:56    409 --> ...                                      [tcl] synopsys::dump -type VPD -file /afs/ece.cmu.edu/usr/alhoffma/Private/18500/capstone/inter.vpd -locking
11:57:56    410 --> ...                                          [tcl] synopsys::dump -autoflush on -fid VPD3
11:57:56    411 --> ...                                              [tcl] set ::dve_fid VPD3
11:57:56    412 --> ...                                                  [tcl] synUtils::setDVEInitPhase 0
11:57:56    413 --> ...                                                      [tcl] ucliCore::getToolPID
11:57:56    414 --> ...                                                          [tcl] synUtils::sendTool -active _icl_setToolSocket /tmp/smlnpAYQPQR
11:57:56    415 --> ...                                                              [tcl] synUtils::sendTool -active {_icl_start_rpc -version "J-2014.12-SP3-1_Full64" -sync_file /tmp/vcs_dve_rpc.alhoffma.27404}
11:57:56    416 --> ...                                                                  [tcl] synUtils::sendTool -active {_icl_createSharedMemory /tmp/vcs_dve_general.alhoffma.27404}
11:57:56    417 --> ...                                                                      [tcl] config endofsim noexit
11:57:56    418 --> ...                                                                          [tcl] config onfail enable all
11:57:56    419 --> ...                                                                              [tcl] config syscaddplainmembers
11:57:56    420 --> ...                                                                                  [tcl] config syscaddsourcenames
11:57:56    421 --> ...                                                                                      [tcl] config syscaddstructtypes
11:57:56    422 --> ...                                                                                          [tcl] synopsys::listing -disable
11:57:56    423 --> ...                                                                                              [tcl] # Begin_DVE_Session_Save_Info
11:57:56    424 --> ...                                                                                                  [tcl] # DVE restart session
11:57:56    425 --> ...  [tcl] # Saved on Wed Nov 17 11:57:55 2021
11:57:56    426 --> ...      [tcl] # Designs open: 1
11:57:56    427 --> ...          [tcl] #   Sim: /afs/ece.cmu.edu/usr/alhoffma/Private/18500/capstone/simv
11:57:56    428 --> ...              [tcl] # Toplevel windows open: 2
11:57:56    429 --> ...                  [tcl] # 	TopLevel.1
11:57:56    430 --> ...                      [tcl] # 	TopLevel.2
11:57:56    431 --> ...                          [tcl] #   Source.1: Receiver_tb.rec.sampleCounter
11:57:56    432 --> ...                              [tcl] #   Wave.1: 9 signals
11:57:56    433 --> ...                                  [tcl] #   Group count = 1
11:57:56    434 --> ...                                      [tcl] #   Group Group1 signal count = 9
11:57:56    435 --> ...                                          [tcl] # End_DVE_Session_Save_Info
11:57:56    436 --> ...                                              [tcl] # DVE version: J-2014.12-SP3-1_Full64
11:57:56    437 --> ...                                                  [tcl] # DVE build date: Aug 27 2015 23:51:53
11:57:56    438 --> ...                                                      [tcl] #<Session mode="Restart" path=".restartSimSession.tcl" type="Debug">
11:57:56    439 --> ...                                                          [tcl] gui_set_loading_session_type Restart
11:57:56    440 --> ...                                                              [tcl] gui_continuetime_set
11:57:56    441 --> ...                                                                  [tcl] gui_clear_window -type Wave
11:57:56    442 --> ...                                                                      [tcl] gui_clear_window -type List
11:57:56    443 --> ...                                                                          [tcl] # Application preferences
11:57:56    444 --> ...                                                                              [tcl] gui_set_pref_value -key app_default_font -value {Helvetica,10,-1,5,50,0,0,0,0,0}
11:57:56    445 --> ...                                                                                  [tcl] gui_src_preferences -tabstop 8 -maxbits 24 -windownumber 1
11:57:56    446 --> ...                                                                                      [tcl] #<WindowLayout>
11:57:56    447 --> ...                                                                                          [tcl] # DVE top-level session
11:57:56    448 --> ...                                                                                              [tcl] # Create and position top-level window: TopLevel.1
11:57:56    449 --> ...                                                                                                  [tcl] set TopLevel.1 TopLevel.1
11:57:56    450 --> ...  [tcl] # Docked window settings
11:57:56    451 --> ...      [tcl] set HSPane.1 HSPane.1
11:57:56    452 --> ...          [tcl] set Hier.1 Hier.1
11:57:56    453 --> ...              [tcl] set DLPane.1 DLPane.1
11:57:56    454 --> ...                  [tcl] set Data.1 Data.1
11:57:56    455 --> ...                      [tcl] set Console.1 Console.1
11:57:56    456 --> ...                          [tcl] set DriverLoad.1 DriverLoad.1
11:57:56    457 --> ...                              [tcl] gui_sync_global -id ${TopLevel.1} -option true
11:57:56    458 --> ...                                  [tcl] # MDI window settings
11:57:56    459 --> ...                                      [tcl] set Source.1 Source.1
11:57:56    460 --> ...                                          [tcl] gui_update_layout -id ${Source.1} {{show_state maximized} {dock_state undocked} {dock_on_new_line false}}
11:57:56    461 --> ...                                              [tcl] # End MDI window settings
11:57:56    462 --> ...                                                  [tcl] # Create and position top-level window: TopLevel.2
11:57:56    463 --> ...                                                      [tcl] set TopLevel.2 TopLevel.2
11:57:56    464 --> ...                                                          [tcl] # Docked window settings
11:57:56    465 --> ...                                                              [tcl] gui_sync_global -id ${TopLevel.2} -option true
11:57:56    466 --> ...                                                                  [tcl] # MDI window settings
11:57:56    467 --> ...                                                                      [tcl] set Wave.1 Wave.1
11:57:56    468 --> ...                                                                          [tcl] gui_update_layout -id ${Wave.1} {{show_state maximized} {dock_state undocked} {dock_on_new_line false} {child_wave_left 743} {child_wave_right 1811} {child_wave_colname 389} {child_wave_colvalue 350} {child_wave_col1 0} {child_wave_col2 1}}
11:57:56    469 --> ...                                                                              [tcl] # End MDI window settings
11:57:56    470 --> ...                                                                                  [tcl] #</WindowLayout>
11:57:56    471 --> ...                                                                                      [tcl] #<Database>
11:57:56    472 --> ...                                                                                          [tcl] gui_set_precision 1s
11:57:56    473 --> ...                                                                                              [tcl] gui_set_time_units 1s
11:57:56    474 --> ...                                                                                                  [tcl] #</Database>
11:57:56    475 --> ...  [tcl] # DVE Global setting session:
11:57:56    476 --> ...      [tcl] # Global: Breakpoints
11:57:56    477 --> ...          [tcl] # Global: Bus
11:57:56    478 --> ...              [tcl] # Global: Expressions
11:57:56    479 --> ...                  [tcl] # Global: Signal Time Shift
11:57:56    480 --> ...                      [tcl] # Global: Signal Compare
11:57:56    481 --> ...                          [tcl] # Global: Signal Groups
11:57:56    482 --> ...                              [tcl] set _session_group_3 Group1
11:57:56    483 --> ...                                  [tcl] gui_sg_create "$_session_group_3"
11:57:56    484 --> ...                                      [tcl] set Group1 "$_session_group_3"
11:57:56    485 --> ...                                          [tcl] gui_sg_addsignal -group "$_session_group_3" { Receiver_tb.rec.clock Receiver_tb.rec.reset Receiver_tb.rec.serialSync Receiver_tb.rec.isNew Receiver_tb.rec.message Receiver_tb.rec.isValid Receiver_tb.rec.clear Receiver_tb.rec.edgeDetected Receiver_tb.rec.count }
11:57:56    486 --> ...                                              [tcl] gui_set_radix -radix {binary} -signals {Sim:Receiver_tb.rec.message}
11:57:56    487 --> ...                                                  [tcl] gui_set_radix -radix {unsigned} -signals {Sim:Receiver_tb.rec.message}
11:57:56    488 --> ...                                                      [tcl] gui_set_radix -radix {decimal} -signals {Sim:Receiver_tb.rec.count}
11:57:56    489 --> ...                                                          [tcl] gui_set_radix -radix {unsigned} -signals {Sim:Receiver_tb.rec.count}
11:57:56    490 --> ...                                                              [tcl] # Global: Highlighting
11:57:56    491 --> ...                                                                  [tcl] # Global: Stack
11:57:56    492 --> ...                                                                      [tcl] gui_change_stack_mode -mode list
11:57:56    493 --> ...                                                                          [tcl] # Post database loading setting...
11:57:56    494 --> ...                                                                              [tcl] # Save global setting...
11:57:56    495 --> ...                                                                                  [tcl] # Wave/List view global setting
11:57:56    496 --> ...                                                                                      [tcl] gui_cov_show_value -switch false
11:57:56    497 --> ...                                                                                          [tcl] # Close all empty TopLevel windows
11:57:56    498 --> ...                                                                                              [tcl] foreach __top [gui_ekki_get_window_ids -type TopLevel] {     if { [llength [gui_ekki_get_window_ids -parent $__top]] == 0} {         gui_close_window -window $__top     } }
11:57:56    499 --> ...                                                                                                  [tcl] gui_set_loading_session_type noSession
11:57:56    500 --> ...  [tcl] # DVE View/pane content session:
11:57:56    501 --> ...      [tcl] # Hier 'Hier.1'
11:57:56    502 --> ...          [tcl] gui_show_window -window ${Hier.1}
11:57:56    503 --> ...              [tcl] gui_list_set_filter -id ${Hier.1} -list { {Package 1} {All 0} {Process 1} {VirtPowSwitch 0} {UnnamedProcess 1} {UDP 0} {Function 1} {Block 1} {SrsnAndSpaCell 0} {OVA Unit 1} {LeafScCell 1} {LeafVlgCell 1} {Interface 1} {LeafVhdCell 1} {$unit 1} {NamedBlock 1} {Task 1} {VlgPackage 1} {ClassDef 1} {VirtIsoCell 0} }
11:57:56    504 --> ...                  [tcl] gui_list_set_filter -id ${Hier.1} -text {*}
11:57:56    505 --> ...                      [tcl] gui_change_design -id ${Hier.1} -design Sim
11:57:56    506 --> ...                          [tcl] catch {gui_list_expand -id ${Hier.1} Receiver_tb}
11:57:56    507 --> ...                              [tcl] catch {gui_list_select -id ${Hier.1} {Receiver_tb.rec}}
11:57:56    508 --> ...                                  [tcl] dveMisc::vbusExpand Receiver_tb.rec
11:57:56    509 --> ...                                      [tcl] gui_view_scroll -id ${Hier.1} -vertical -set 0
11:57:56    510 --> ...                                          [tcl] gui_view_scroll -id ${Hier.1} -horizontal -set 0
11:57:56    511 --> ...                                              [tcl] # Data 'Data.1'
11:57:56    512 --> ...                                                  [tcl] gui_list_set_filter -id ${Data.1} -list { {Buffer 1} {Input 1} {Others 1} {Linkage 1} {Output 1} {LowPower 1} {Parameter 1} {All 1} {Aggregate 1} {LibBaseMember 1} {Event 1} {Assertion 1} {Constant 1} {Interface 1} {BaseMembers 1} {Signal 1} {$unit 1} {Inout 1} {Variable 1} }
11:57:56    513 --> ...                                                      [tcl] gui_list_set_filter -id ${Data.1} -text {*}
11:57:56    514 --> ...                                                          [tcl] gui_list_show_data -id ${Data.1} {Receiver_tb.rec}
11:57:56    515 --> ...                                                              [tcl] gui_show_window -window ${Data.1}
11:57:56    516 --> ...                                                                  [tcl] catch { gui_list_select -id ${Data.1} {Receiver_tb.rec.tempSync Receiver_tb.rec.clock Receiver_tb.rec.reset Receiver_tb.rec.edgeDetected Receiver_tb.rec.isNew Receiver_tb.rec.serialSync Receiver_tb.rec.clear Receiver_tb.rec.count Receiver_tb.rec.message Receiver_tb.rec.isValid Receiver_tb.rec.serialIn }}
11:57:56    517 --> ...                                                                      [tcl] gui_view_scroll -id ${Data.1} -vertical -set 0
11:57:56    518 --> ...                                                                          [tcl] gui_view_scroll -id ${Data.1} -horizontal -set 0
11:57:56    519 --> ...                                                                              [tcl] gui_view_scroll -id ${Hier.1} -vertical -set 0
11:57:56    520 --> ...                                                                                  [tcl] gui_view_scroll -id ${Hier.1} -horizontal -set 0
11:57:56    521 --> ...                                                                                      [tcl] # Source 'Source.1'
11:57:56    522 --> ...                                                                                          [tcl] gui_src_value_annotate -id ${Source.1} -switch false
11:57:56    523 --> ...                                                                                              [tcl] gui_set_env TOGGLE::VALUEANNOTATE 0
11:57:56    524 --> ...                                                                                                  [tcl] gui_open_source -id ${Source.1}  -replace -active Receiver_tb.rec.sampleCounter /afs/ece.cmu.edu/usr/alhoffma/Private/18500/capstone/library.sv
11:57:56    525 --> ...  [tcl] gui_view_scroll -id ${Source.1} -vertical -set 270
11:57:56    526 --> ...      [tcl] gui_src_set_reusable -id ${Source.1}
11:57:56    527 --> ...          [tcl] # View 'Wave.1'
11:57:56    528 --> ...              [tcl] gui_wv_sync -id ${Wave.1} -switch false
11:57:56    529 --> ...                  [tcl] set groupExD [gui_get_pref_value -category Wave -key exclusiveSG]
11:57:56    530 --> ...                      [tcl] gui_set_pref_value -category Wave -key exclusiveSG -value {false}
11:57:56    531 --> ...                          [tcl] set origWaveHeight [gui_get_pref_value -category Wave -key waveRowHeight]
11:57:56    532 --> ...                              [tcl] gui_list_set_height -id Wave -height 25
11:57:56    533 --> ...                                  [tcl] set origGroupCreationState [gui_list_create_group_when_add -wave]
11:57:56    534 --> ...                                      [tcl] gui_list_create_group_when_add -wave -disable
11:57:56    535 --> ...                                          [tcl] gui_wv_zoom_timerange -id ${Wave.1} 642 727
11:57:56    536 --> ...                                              [tcl] gui_list_add_group -id ${Wave.1} -after {New Group} {Group1}
11:57:56    537 --> ...                                                  [tcl] synopsys::dump -add {Receiver_tb.rec.clear Receiver_tb.rec.clock Receiver_tb.rec.count Receiver_tb.rec.edgeDetected Receiver_tb.rec.isNew Receiver_tb.rec.isValid Receiver_tb.rec.message Receiver_tb.rec.reset Receiver_tb.rec.serialSync } -aggregates  -fid VPD3
11:57:56    538 --> ...                                                      [tcl] gui_list_select -id ${Wave.1} {Receiver_tb.rec.serialSync }
11:57:56    539 --> ...                                                          [tcl] gui_seek_criteria -id ${Wave.1} {Any Edge}
11:57:56    540 --> ...                                                              [tcl] gui_set_env TOGGLE::DEFAULT_WAVE_WINDOW ${Wave.1}
11:57:56    541 --> ...                                                                  [tcl] gui_set_pref_value -category Wave -key exclusiveSG -value $groupExD
11:57:56    542 --> ...                                                                      [tcl] gui_list_set_height -id Wave -height $origWaveHeight
11:57:56    543 --> ...                                                                          [tcl] if {$origGroupCreationState} { 	gui_list_create_group_when_add -wave -enable }
11:57:56    544 --> ...                                                                              [tcl] if { $groupExD } {  gui_msg_report -code DVWW028 }
11:57:56    545 --> ...                                                                                  [tcl] gui_list_set_filter -id ${Wave.1} -list { {Buffer 1} {Input 1} {Others 1} {Linkage 1} {Output 1} {Parameter 1} {All 1} {Aggregate 1} {LibBaseMember 1} {Event 1} {Assertion 1} {Constant 1} {Interface 1} {BaseMembers 1} {Signal 1} {$unit 1} {Inout 1} {Variable 1} }
11:57:56    546 --> ...                                                                                      [tcl] gui_list_set_filter -id ${Wave.1} -text {*}
11:57:56    547 --> ...                                                                                          [tcl] gui_list_set_insertion_bar  -id ${Wave.1} -group Group1  -item Receiver_tb.rec.serialSync -position below
11:57:56    548 --> ...                                                                                              [tcl] gui_view_scroll -id ${Wave.1} -vertical -set 0
11:57:56    549 --> ...                                                                                                  [tcl] gui_show_grid -id ${Wave.1} -enable false
11:57:56    550 --> ...  [tcl] # DriverLoad 'DriverLoad.1'
11:57:56    551 --> ...      [tcl] gui_get_drivers -session -id ${DriverLoad.1} -signal {Receiver_tb.rec.count[4:0]} -time 193 -starttime 193
11:57:56    552 --> ...          [tcl] # Restore toplevel window zorder
11:57:56    553 --> ...              [tcl] # The toplevel window could be closed if it has no view/pane
11:57:56    554 --> ...                  [tcl] if {[gui_exist_window -window ${TopLevel.1}]} { 	gui_set_active_window -window ${TopLevel.1} 	gui_set_active_window -window ${Source.1} 	gui_set_active_window -window ${DriverLoad.1} }
11:57:56    555 --> ...                      [tcl] if {[gui_exist_window -window ${TopLevel.2}]} { 	gui_set_active_window -window ${TopLevel.2} 	gui_set_active_window -window ${Wave.1} }
11:57:56    556 --> ...                          [tcl] #</Session>
11:57:57    557 --> ...                              [tcl] synopsys::run
11:57:57    558 --> ...                                  [tcl] set ucliGUI::state
11:57:57    559 --> ...                                      [tcl] set ucliGUI::state
11:57:57    560 --> ...                                          [tcl] set ucliGUI::state
11:57:57    561 --> ...                                              [tcl] set ucliGUI::state
11:57:57    562 --> ...                                                  [tcl] catch {senv activeDomain} dveMisc::result 
11:57:57    563 --> ...                                                      [tcl] set dveMisc::result
11:57:57    564 --> ...                                                          [tcl] gui_update_simulator_buttons
12:00:14    565 --> ...                                                              [tcl] if [catch {gui_sim_terminate}] {gui_sim_terminate -kill}
12:00:14    566 --> ...                                                                  [tcl] synopsys::finish
12:00:14    567 --> ...                                                                      [tcl] set ucliGUI::state
12:00:14    568 --> ...                                                                          [tcl] set ucliGUI::state
12:00:14    569 --> ...                                                                              [tcl] catch {senv activeDomain} dveMisc::result 
12:00:14    570 --> ...                                                                                  [tcl] set dveMisc::result
12:00:14    571 --> ...                                                                                      [tcl] gui_update_simulator_buttons
12:00:14    572 --> ...                                                                                          [tcl] catch {senv activeDomain} dveMisc::result 
12:00:14    573 --> ...                                                                                              [tcl] set dveMisc::result
12:00:14    574 --> ...                                                                                                  [tcl] ucli_exit
