Chronologic VCS simulator copyright 1991-2014
Contains Synopsys proprietary information.
Compiler version J-2014.12-SP3-1_Full64; Runtime version J-2014.12-SP3-1_Full64;  Nov 17 11:48 2021
VCD+ Writer J-2014.12-SP3-1_Full64 Copyright (c) 1991-2014 by Synopsys Inc.
The file '/afs/ece.cmu.edu/usr/alhoffma/Private/18500/capstone/inter.vpd' was opened successfully.
edge detected!

edge detected!

edge detected!

edge detected!

edge detected!

edge detected!

edge detected!

edge detected!

edge detected!

edge detected!

edge detected!

edge detected!

edge detected!

edge detected!

edge detected!

edge detected!

11111111011100100001
edge detected!

edge detected!

edge detected!

edge detected!

edge detected!

edge detected!

edge detected!

edge detected!

edge detected!

edge detected!

11110111111001100010
$finish called from file "lab5_tb.sv", line 30.
$finish at simulation time                10030
Simulation complete, time is 10030.
Chronologic VCS simulator copyright 1991-2014
Contains Synopsys proprietary information.
Compiler version J-2014.12-SP3-1_Full64; Runtime version J-2014.12-SP3-1_Full64;  Nov 17 11:52 2021
VCD+ Writer J-2014.12-SP3-1_Full64 Copyright (c) 1991-2014 by Synopsys Inc.
The file '/afs/ece.cmu.edu/usr/alhoffma/Private/18500/capstone/inter.vpd' was opened successfully.
edge detected!

edge detected!

edge detected!

edge detected!

edge detected!

edge detected!

edge detected!

edge detected!

edge detected!

edge detected!

edge detected!

edge detected!

edge detected!

edge detected!

edge detected!

edge detected!

11111110111001000010
edge detected!

edge detected!

edge detected!

edge detected!

edge detected!

edge detected!

edge detected!

edge detected!

edge detected!

edge detected!

11101111110011000100
$finish called from file "lab5_tb.sv", line 30.
$finish at simulation time                10030
Simulation complete, time is 10030.
Warning: [AD-MD] Missing dump for active drivers
  Missing dump for the following signals when doing active drivers analysis:
      * Receiver_tb.rec.sampleCounter.D from time 193
      * Receiver_tb.rec.sampleCounter.Q from time 193
      * Receiver_tb.rec.sampleCounter.clock from time 192
  Some drivers couldn't be analyzed and will be shown as active.
  Please dump the listed signals if you need more precise active drivers 
  analysis.
neric.sdb'
4 drivers (4 possibly active statements) found for signal: Receiver_tb.rec.count[4:0]
Chronologic VCS simulator copyright 1991-2014
Contains Synopsys proprietary information.
Compiler version J-2014.12-SP3-1_Full64; Runtime version J-2014.12-SP3-1_Full64;  Nov 17 11:55 2021
VCD+ Writer J-2014.12-SP3-1_Full64 Copyright (c) 1991-2014 by Synopsys Inc.
The file '/afs/ece.cmu.edu/usr/alhoffma/Private/18500/capstone/inter.vpd' was opened successfully.
edge detected!

edge detected!

edge detected!

edge detected!

edge detected!

edge detected!

edge detected!

edge detected!

edge detected!

edge detected!

edge detected!

edge detected!

edge detected!

edge detected!

edge detected!

edge detected!

10101010011101101011
edge detected!

edge detected!

edge detected!

edge detected!

edge detected!

edge detected!

edge detected!

edge detected!

edge detected!

edge detected!

10100111111001000010
$finish called from file "lab5_tb.sv", line 30.
$finish at simulation time                10030
Simulation complete, time is 10030.
Chronologic VCS simulator copyright 1991-2014
Contains Synopsys proprietary information.
Compiler version J-2014.12-SP3-1_Full64; Runtime version J-2014.12-SP3-1_Full64;  Nov 17 11:57 2021
VCD+ Writer J-2014.12-SP3-1_Full64 Copyright (c) 1991-2014 by Synopsys Inc.
The file '/afs/ece.cmu.edu/usr/alhoffma/Private/18500/capstone/inter.vpd' was opened successfully.
edge detected!

edge detected!

edge detected!

edge detected!

edge detected!

edge detected!

edge detected!

edge detected!

edge detected!

edge detected!

edge detected!

edge detected!

edge detected!

edge detected!

edge detected!

10101010011100110101
00000000000000010101
edge detected!

edge detected!

edge detected!

edge detected!

edge detected!

edge detected!

edge detected!

edge detected!

edge detected!

edge detected!

11010011111100010000
00000000000000010101
edge detected!

$finish called from file "lab5_tb.sv", line 30.
$finish at simulation time                10030
Simulation complete, time is 10030.
           V C S   S i m u l a t i o n   R e p o r t 
Time: 10030
CPU Time:      0.050 seconds;       Data structure size:   0.0Mb
Wed Nov 17 12:00:14 2021
